  Antylopa.cpp
C:\Users\disen\Downloads\OOP-Project-1-master\OOP-Project-1-master\POprojekt1\POprojekt1\Antylopa.cpp(61,31): warning C4018: "<": niezgodność typu ze znakiem/bez znaku
C:\Users\disen\Downloads\OOP-Project-1-master\OOP-Project-1-master\POprojekt1\POprojekt1\Antylopa.cpp(73,31): warning C4018: "<": niezgodność typu ze znakiem/bez znaku
  Barszcz.cpp
  Czlowiek.cpp
C:\Users\disen\Downloads\OOP-Project-1-master\OOP-Project-1-master\POprojekt1\POprojekt1\Czlowiek.cpp(120,34): warning C4018: "<": niezgodność typu ze znakiem/bez znaku
C:\Users\disen\Downloads\OOP-Project-1-master\OOP-Project-1-master\POprojekt1\POprojekt1\Czlowiek.cpp(134,34): warning C4018: "<": niezgodność typu ze znakiem/bez znaku
  Guarana.cpp
  Jagody.cpp
  Lis.cpp
  Mlecz.cpp
  Organizm.cpp
  Owca.cpp
  POprojekt1.cpp
C:\Users\disen\Downloads\OOP-Project-1-master\OOP-Project-1-master\POprojekt1\POprojekt1\POprojekt1.cpp(51,20): warning C4018: "<": niezgodność typu ze znakiem/bez znaku
  Roslina.cpp
C:\Users\disen\Downloads\OOP-Project-1-master\OOP-Project-1-master\POprojekt1\POprojekt1\Roslina.cpp(37,33): warning C4018: "<": niezgodność typu ze znakiem/bez znaku
C:\Users\disen\Downloads\OOP-Project-1-master\OOP-Project-1-master\POprojekt1\POprojekt1\Roslina.cpp(49,33): warning C4018: "<": niezgodność typu ze znakiem/bez znaku
C:\Users\disen\Downloads\OOP-Project-1-master\OOP-Project-1-master\POprojekt1\POprojekt1\Roslina.cpp(109,20): warning C4018: "<": niezgodność typu ze znakiem/bez znaku
  Swiat.cpp
C:\Users\disen\Downloads\OOP-Project-1-master\OOP-Project-1-master\POprojekt1\POprojekt1\Swiat.cpp(29,20): warning C4018: "<": niezgodność typu ze znakiem/bez znaku
C:\Users\disen\Downloads\OOP-Project-1-master\OOP-Project-1-master\POprojekt1\POprojekt1\Swiat.cpp(30,21): warning C4018: "<": niezgodność typu ze znakiem/bez znaku
C:\Users\disen\Downloads\OOP-Project-1-master\OOP-Project-1-master\POprojekt1\POprojekt1\Swiat.cpp(44,21): warning C4018: "<": niezgodność typu ze znakiem/bez znaku
C:\Users\disen\Downloads\OOP-Project-1-master\OOP-Project-1-master\POprojekt1\POprojekt1\Swiat.cpp(61,20): warning C4018: "<": niezgodność typu ze znakiem/bez znaku
C:\Users\disen\Downloads\OOP-Project-1-master\OOP-Project-1-master\POprojekt1\POprojekt1\Swiat.cpp(74,20): warning C4018: "<": niezgodność typu ze znakiem/bez znaku
C:\Users\disen\Downloads\OOP-Project-1-master\OOP-Project-1-master\POprojekt1\POprojekt1\Swiat.cpp(95,20): warning C4018: "<": niezgodność typu ze znakiem/bez znaku
C:\Users\disen\Downloads\OOP-Project-1-master\OOP-Project-1-master\POprojekt1\POprojekt1\Swiat.cpp(96,21): warning C4018: "<": niezgodność typu ze znakiem/bez znaku
C:\Users\disen\Downloads\OOP-Project-1-master\OOP-Project-1-master\POprojekt1\POprojekt1\Swiat.cpp(113,12): warning C4018: "<": niezgodność typu ze znakiem/bez znaku
C:\Users\disen\Downloads\OOP-Project-1-master\OOP-Project-1-master\POprojekt1\POprojekt1\Swiat.cpp(117,12): warning C4018: "<": niezgodność typu ze znakiem/bez znaku
C:\Users\disen\Downloads\OOP-Project-1-master\OOP-Project-1-master\POprojekt1\POprojekt1\Swiat.cpp(125,62): warning C4018: "<": niezgodność typu ze znakiem/bez znaku
C:\Users\disen\Downloads\OOP-Project-1-master\OOP-Project-1-master\POprojekt1\POprojekt1\Swiat.cpp(133,12): warning C4018: "<": niezgodność typu ze znakiem/bez znaku
C:\Users\disen\Downloads\OOP-Project-1-master\OOP-Project-1-master\POprojekt1\POprojekt1\Swiat.cpp(133,73): warning C4018: "<": niezgodność typu ze znakiem/bez znaku
C:\Users\disen\Downloads\OOP-Project-1-master\OOP-Project-1-master\POprojekt1\POprojekt1\Swiat.cpp(137,12): warning C4018: "<": niezgodność typu ze znakiem/bez znaku
C:\Users\disen\Downloads\OOP-Project-1-master\OOP-Project-1-master\POprojekt1\POprojekt1\Swiat.cpp(171,18): warning C4018: "<": niezgodność typu ze znakiem/bez znaku
C:\Users\disen\Downloads\OOP-Project-1-master\OOP-Project-1-master\POprojekt1\POprojekt1\Swiat.cpp(179,33): warning C4018: "<": niezgodność typu ze znakiem/bez znaku
C:\Users\disen\Downloads\OOP-Project-1-master\OOP-Project-1-master\POprojekt1\POprojekt1\Swiat.cpp(187,18): warning C4018: "<": niezgodność typu ze znakiem/bez znaku
C:\Users\disen\Downloads\OOP-Project-1-master\OOP-Project-1-master\POprojekt1\POprojekt1\Swiat.cpp(195,18): warning C4018: "<": niezgodność typu ze znakiem/bez znaku
C:\Users\disen\Downloads\OOP-Project-1-master\OOP-Project-1-master\POprojekt1\POprojekt1\Swiat.cpp(195,44): warning C4018: "<": niezgodność typu ze znakiem/bez znaku
C:\Users\disen\Downloads\OOP-Project-1-master\OOP-Project-1-master\POprojekt1\POprojekt1\Swiat.cpp(199,18): warning C4018: "<": niezgodność typu ze znakiem/bez znaku
C:\Users\disen\Downloads\OOP-Project-1-master\OOP-Project-1-master\POprojekt1\POprojekt1\Swiat.cpp(203,18): warning C4018: "<": niezgodność typu ze znakiem/bez znaku
C:\Users\disen\Downloads\OOP-Project-1-master\OOP-Project-1-master\POprojekt1\POprojekt1\Swiat.cpp(207,18): warning C4018: "<": niezgodność typu ze znakiem/bez znaku
C:\Users\disen\Downloads\OOP-Project-1-master\OOP-Project-1-master\POprojekt1\POprojekt1\Swiat.cpp(207,44): warning C4018: "<": niezgodność typu ze znakiem/bez znaku
C:\Users\disen\Downloads\OOP-Project-1-master\OOP-Project-1-master\POprojekt1\POprojekt1\Swiat.cpp(211,18): warning C4018: "<": niezgodność typu ze znakiem/bez znaku
C:\Users\disen\Downloads\OOP-Project-1-master\OOP-Project-1-master\POprojekt1\POprojekt1\Swiat.cpp(215,18): warning C4018: "<": niezgodność typu ze znakiem/bez znaku
C:\Users\disen\Downloads\OOP-Project-1-master\OOP-Project-1-master\POprojekt1\POprojekt1\Swiat.cpp(223,18): warning C4018: "<": niezgodność typu ze znakiem/bez znaku
C:\Users\disen\Downloads\OOP-Project-1-master\OOP-Project-1-master\POprojekt1\POprojekt1\Swiat.cpp(249,28): warning C4018: ">=": niezgodność typu ze znakiem/bez znaku
C:\Users\disen\Downloads\OOP-Project-1-master\OOP-Project-1-master\POprojekt1\POprojekt1\Swiat.cpp(257,28): warning C4018: ">=": niezgodność typu ze znakiem/bez znaku
C:\Users\disen\Downloads\OOP-Project-1-master\OOP-Project-1-master\POprojekt1\POprojekt1\Swiat.cpp(399,26): warning C4018: ">=": niezgodność typu ze znakiem/bez znaku
C:\Users\disen\Downloads\OOP-Project-1-master\OOP-Project-1-master\POprojekt1\POprojekt1\Swiat.cpp(399,54): warning C4018: ">=": niezgodność typu ze znakiem/bez znaku
C:\Users\disen\Downloads\OOP-Project-1-master\OOP-Project-1-master\POprojekt1\POprojekt1\Swiat.cpp(414,20): warning C4018: "<": niezgodność typu ze znakiem/bez znaku
C:\Users\disen\Downloads\OOP-Project-1-master\OOP-Project-1-master\POprojekt1\POprojekt1\Swiat.cpp(415,21): warning C4018: "<": niezgodność typu ze znakiem/bez znaku
C:\Users\disen\Downloads\OOP-Project-1-master\OOP-Project-1-master\POprojekt1\POprojekt1\Swiat.cpp(422,20): warning C4018: "<": niezgodność typu ze znakiem/bez znaku
C:\Users\disen\Downloads\OOP-Project-1-master\OOP-Project-1-master\POprojekt1\POprojekt1\Swiat.cpp(423,21): warning C4018: "<": niezgodność typu ze znakiem/bez znaku
C:\Users\disen\Downloads\OOP-Project-1-master\OOP-Project-1-master\POprojekt1\POprojekt1\Swiat.cpp(433,20): warning C4018: "<": niezgodność typu ze znakiem/bez znaku
C:\Users\disen\Downloads\OOP-Project-1-master\OOP-Project-1-master\POprojekt1\POprojekt1\Swiat.cpp(434,21): warning C4018: "<": niezgodność typu ze znakiem/bez znaku
C:\Users\disen\Downloads\OOP-Project-1-master\OOP-Project-1-master\POprojekt1\POprojekt1\Swiat.cpp(441,20): warning C4018: "<": niezgodność typu ze znakiem/bez znaku
C:\Users\disen\Downloads\OOP-Project-1-master\OOP-Project-1-master\POprojekt1\POprojekt1\Swiat.cpp(442,21): warning C4018: "<": niezgodność typu ze znakiem/bez znaku
C:\Users\disen\Downloads\OOP-Project-1-master\OOP-Project-1-master\POprojekt1\POprojekt1\Swiat.cpp(509,20): warning C4018: "<": niezgodność typu ze znakiem/bez znaku
C:\Users\disen\Downloads\OOP-Project-1-master\OOP-Project-1-master\POprojekt1\POprojekt1\Swiat.cpp(510,21): warning C4018: "<": niezgodność typu ze znakiem/bez znaku
  Trawa.cpp
  Wilk.cpp
  Zolw.cpp
  Zwierze.cpp
C:\Users\disen\Downloads\OOP-Project-1-master\OOP-Project-1-master\POprojekt1\POprojekt1\Zwierze.cpp(33,22): warning C4018: "<": niezgodność typu ze znakiem/bez znaku
C:\Users\disen\Downloads\OOP-Project-1-master\OOP-Project-1-master\POprojekt1\POprojekt1\Zwierze.cpp(118,20): warning C4018: "<": niezgodność typu ze znakiem/bez znaku
  Generowanie kodu...
C:\Users\disen\Downloads\OOP-Project-1-master\OOP-Project-1-master\POprojekt1\POprojekt1\Swiat.cpp(419): warning C4715: "Swiat::findOrganizmByXY”: niewszystkie ścieżki kodu zwracają wartość
  LINK : nie znaleziono elementu C:\Users\disen\Downloads\OOP-Project-1-master\OOP-Project-1-master\POprojekt1\Debug\POprojekt1.exe ani nie został on skompilowany podczas ostatniego konsolidowania przyrostowego; zostanie wykonana pełna konsolidacja
  POprojekt1.vcxproj -> C:\Users\disen\Downloads\OOP-Project-1-master\OOP-Project-1-master\POprojekt1\Debug\POprojekt1.exe
